2019-09-04 16:49:42:143|[main]|INFO |io.github.sunny.AppServer|Starting AppServer on g50 with PID 32602 (/home/sunny/code/java/maven-learn/server-api/app-api/target/classes started by sunny in /home/sunny/code/java/maven-learn)
2019-09-04 16:49:42:152|[main]|DEBUG|io.github.sunny.AppServer|Running with Spring Boot v2.1.0.RELEASE, Spring v5.1.2.RELEASE
2019-09-04 16:49:42:154|[main]|INFO |io.github.sunny.AppServer|The following profiles are active: local
2019-09-04 16:49:43:106|[main]|INFO |o.s.boot.web.embedded.tomcat.TomcatWebServer|Tomcat initialized with port(s): 8081 (http)
2019-09-04 16:49:43:115|[main]|INFO |org.apache.coyote.http11.Http11NioProtocol|Initializing ProtocolHandler ["http-nio-8081"]
2019-09-04 16:49:43:119|[main]|INFO |org.apache.catalina.core.StandardService|Starting service [Tomcat]
2019-09-04 16:49:43:119|[main]|INFO |org.apache.catalina.core.StandardEngine|Starting Servlet Engine: Apache Tomcat/9.0.12
2019-09-04 16:49:43:125|[main]|INFO |org.apache.catalina.core.AprLifecycleListener|The APR based Apache Tomcat Native library which allows optimal performance in production environments was not found on the java.library.path: [/usr/java/packages/lib/amd64:/usr/lib64:/lib64:/lib:/usr/lib]
2019-09-04 16:49:43:190|[main]|INFO |o.a.c.core.ContainerBase.[Tomcat].[localhost].[/]|Initializing Spring embedded WebApplicationContext
2019-09-04 16:49:43:191|[main]|INFO |org.springframework.web.context.ContextLoader|Root WebApplicationContext: initialization completed in 913 ms
2019-09-04 16:49:43:210|[main]|INFO |o.s.boot.web.servlet.ServletRegistrationBean|Servlet dispatcherServlet mapped to [/]
2019-09-04 16:49:43:213|[main]|INFO |o.s.boot.web.servlet.FilterRegistrationBean|Mapping filter: 'characterEncodingFilter' to: [/*]
2019-09-04 16:49:43:213|[main]|INFO |o.s.boot.web.servlet.FilterRegistrationBean|Mapping filter: 'hiddenHttpMethodFilter' to: [/*]
2019-09-04 16:49:43:213|[main]|INFO |o.s.boot.web.servlet.FilterRegistrationBean|Mapping filter: 'formContentFilter' to: [/*]
2019-09-04 16:49:43:214|[main]|INFO |o.s.boot.web.servlet.FilterRegistrationBean|Mapping filter: 'requestContextFilter' to: [/*]
2019-09-04 16:49:43:355|[main]|INFO |o.s.scheduling.concurrent.ThreadPoolTaskExecutor|Initializing ExecutorService 'applicationTaskExecutor'
2019-09-04 16:49:43:500|[main]|INFO |org.apache.coyote.http11.Http11NioProtocol|Starting ProtocolHandler ["http-nio-8081"]
2019-09-04 16:49:43:504|[main]|INFO |org.apache.tomcat.util.net.NioSelectorPool|Using a shared selector for servlet write/read
2019-09-04 16:49:43:544|[main]|INFO |o.s.boot.web.embedded.tomcat.TomcatWebServer|Tomcat started on port(s): 8081 (http) with context path ''
2019-09-04 16:49:43:547|[main]|INFO |io.github.sunny.AppServer|Started AppServer in 3.235 seconds (JVM running for 4.003)
2019-09-04 16:49:54:120|[http-nio-8081-exec-1]|INFO |o.a.c.core.ContainerBase.[Tomcat].[localhost].[/]|Initializing Spring DispatcherServlet 'dispatcherServlet'
2019-09-04 16:49:54:120|[http-nio-8081-exec-1]|INFO |org.springframework.web.servlet.DispatcherServlet|Initializing Servlet 'dispatcherServlet'
2019-09-04 16:49:54:125|[http-nio-8081-exec-1]|INFO |org.springframework.web.servlet.DispatcherServlet|Completed initialization in 5 ms
2019-09-04 16:51:36:863|[Thread-7]|INFO |o.s.scheduling.concurrent.ThreadPoolTaskExecutor|Shutting down ExecutorService 'applicationTaskExecutor'
